c:\users\sezer\desktop\winform_winmedplayer\guil\x64\debug\guil.pch
c:\users\sezer\desktop\winform_winmedplayer\guil\x64\debug\vc143.pdb
c:\users\sezer\desktop\winform_winmedplayer\guil\x64\debug\pch.obj
c:\users\sezer\desktop\winform_winmedplayer\guil\x64\debug\myform.obj
c:\users\sezer\desktop\winform_winmedplayer\guil\x64\debug\guil.obj
c:\users\sezer\desktop\winform_winmedplayer\guil\x64\debug\assemblyinfo.obj
c:\users\sezer\desktop\winform_winmedplayer\guil\x64\debug\.netframework,version=v4.7.2.assemblyattributes.obj
c:\users\sezer\desktop\winform_winmedplayer\guil\x64\debug\axinterop.wmplib.1.0.dll
c:\users\sezer\desktop\winform_winmedplayer\guil\x64\debug\interop.wmplib.1.0.dll
c:\users\sezer\desktop\winform_winmedplayer\guil\x64\debug\guil.exe
c:\users\sezer\desktop\winform_winmedplayer\guil\x64\debug\guil.pdb
c:\users\sezer\desktop\winform_winmedplayer\guil\x64\debug\guil.tlog\metagen.write.1.tlog
c:\users\sezer\desktop\winform_winmedplayer\guil\x64\debug\app.res
c:\users\sezer\desktop\winform_winmedplayer\guil\x64\debug\guil.exe.metagen
c:\users\sezer\desktop\winform_winmedplayer\guil\x64\debug\guil.tlog\cl.command.1.tlog
c:\users\sezer\desktop\winform_winmedplayer\guil\x64\debug\guil.tlog\cl.items.tlog
c:\users\sezer\desktop\winform_winmedplayer\guil\x64\debug\guil.tlog\cl.read.1.tlog
c:\users\sezer\desktop\winform_winmedplayer\guil\x64\debug\guil.tlog\cl.write.1.tlog
c:\users\sezer\desktop\winform_winmedplayer\guil\x64\debug\guil.tlog\copylocal.read.1u.tlog
c:\users\sezer\desktop\winform_winmedplayer\guil\x64\debug\guil.tlog\copylocal.write.1u.tlog
c:\users\sezer\desktop\winform_winmedplayer\guil\x64\debug\guil.tlog\link.command.1.tlog
c:\users\sezer\desktop\winform_winmedplayer\guil\x64\debug\guil.tlog\link.read.1.tlog
c:\users\sezer\desktop\winform_winmedplayer\guil\x64\debug\guil.tlog\link.write.1.tlog
c:\users\sezer\desktop\winform_winmedplayer\guil\x64\debug\guil.tlog\metagen.read.1.tlog
c:\users\sezer\desktop\winform_winmedplayer\guil\x64\debug\guil.tlog\rc.command.1.tlog
c:\users\sezer\desktop\winform_winmedplayer\guil\x64\debug\guil.tlog\rc.read.1.tlog
c:\users\sezer\desktop\winform_winmedplayer\guil\x64\debug\guil.tlog\rc.write.1.tlog
c:\users\sezer\desktop\winform_winmedplayer\guil\x64\debug\guil.tlog\resgen.command.1.tlog
c:\users\sezer\desktop\winform_winmedplayer\guil\x64\debug\guil.tlog\resgen.read.1.tlog
c:\users\sezer\desktop\winform_winmedplayer\guil\x64\debug\guil.tlog\resgen.write.1.tlog
c:\users\sezer\desktop\winform_winmedplayer\guil\x64\debug\guil.tlog\interop.wmplib.1.0.dll.metagen
c:\users\sezer\desktop\winform_winmedplayer\guil\x64\debug\guil.tlog\system.data.dll.metagen
c:\users\sezer\desktop\winform_winmedplayer\guil\x64\debug\guil.tlog\system.dll.metagen
c:\users\sezer\desktop\winform_winmedplayer\guil\x64\debug\guil.tlog\system.drawing.dll.metagen
c:\users\sezer\desktop\winform_winmedplayer\guil\x64\debug\guil.tlog\system.windows.forms.datavisualization.dll.metagen
c:\users\sezer\desktop\winform_winmedplayer\guil\x64\debug\guil.tlog\system.windows.forms.dll.metagen
c:\users\sezer\desktop\winform_winmedplayer\guil\x64\debug\guil.tlog\system.xml.dll.metagen
c:\users\sezer\desktop\winform_winmedplayer\guil\x64\debug\guil.tlog\clr.dll.bi
c:\users\sezer\desktop\winform_winmedplayer\guil\x64\debug\guil.tlog\clui.dll.bi
c:\users\sezer\desktop\winform_winmedplayer\guil\x64\debug\guil.tlog\mscorwks.dll.bi
c:\users\sezer\desktop\winform_winmedplayer\guil\x64\debug\guil.tlog\tzres.dll.bi
